# JRE version: 6.0_36-b36
# Java VM: OpenJDK Zero VM (23.25-b01 mixed mode linux-arm )
Heap
 def new generation   total 84480K, used 49579K [0x8fe20000, 0x959c0000, 0x9a8c0000)
  eden space 75136K,  53% used [0x8fe20000, 0x9256afa0, 0x94780000)
  from space 9344K, 100% used [0x950a0000, 0x959c0000, 0x959c0000)
  to   space 9344K,   0% used [0x94780000, 0x94780000, 0x950a0000)
 tenured generation   total 187520K, used 155119K [0x9a8c0000, 0xa5fe0000, 0xafe20000)
   the space 187520K,  82% used [0x9a8c0000, 0xa403bed0, 0xa403c000, 0xa5fe0000)
 compacting perm gen  total 4096K, used 2415K [0xafe20000, 0xb0220000, 0xb3e20000)
   the space 4096K,  58% used [0xafe20000, 0xb007be20, 0xb007c000, 0xb0220000)
GC Heap History (10 events):
Event: 35.727 GC heap before
{Heap before GC invocations=30 (full 4):
 def new generation   total 46976K, used 46975K [0x8fe20000, 0x93100000, 0x9a8c0000)
  eden space 41856K,  99% used [0x8fe20000, 0x926fffd8, 0x92700000)
  from space 5120K, 100% used [0x92700000, 0x92c00000, 0x92c00000)
  to   space 5120K,   0% used [0x92c00000, 0x92c00000, 0x93100000)
 tenured generation   total 103936K, used 94548K [0x9a8c0000, 0xa0e40000, 0xafe20000)
   the space 103936K,  90% used [0x9a8c0000, 0xa05150f8, 0xa0515200, 0xa0e40000)
 compacting perm gen  total 4096K, used 2125K [0xafe20000, 0xb0220000, 0xb3e20000)
   the space 4096K,  51% used [0xafe20000, 0xb0033678, 0xb0033800, 0xb0220000)
No shared spaces configured.
Event: 35.875 GC heap after
Heap after GC invocations=31 (full 4):
 def new generation   total 46976K, used 5119K [0x8fe20000, 0x93100000, 0x9a8c0000)
  eden space 41856K,   0% used [0x8fe20000, 0x8fe20000, 0x92700000)
  from space 5120K,  99% used [0x92c00000, 0x930ffff8, 0x93100000)
  to   space 5120K,   0% used [0x92700000, 0x92700000, 0x92c00000)
 tenured generation   total 103936K, used 103490K [0x9a8c0000, 0xa0e40000, 0xafe20000)
   the space 103936K,  99% used [0x9a8c0000, 0xa0dd0980, 0xa0dd0a00, 0xa0e40000)
 compacting perm gen  total 4096K, used 2125K [0xafe20000, 0xb0220000, 0xb3e20000)
   the space 4096K,  51% used [0xafe20000, 0xb0033678, 0xb0033800, 0xb0220000)
No shared spaces configured.
}
Event: 38.932 GC heap before
{Heap before GC invocations=31 (full 4):
 def new generation   total 46976K, used 46975K [0x8fe20000, 0x93100000, 0x9a8c0000)
  eden space 41856K,  99% used [0x8fe20000, 0x926ffff0, 0x92700000)
  from space 5120K,  99% used [0x92c00000, 0x930ffff8, 0x93100000)
  to   space 5120K,   0% used [0x92700000, 0x92700000, 0x92c00000)
 tenured generation   total 103936K, used 103490K [0x9a8c0000, 0xa0e40000, 0xafe20000)
   the space 103936K,  99% used [0x9a8c0000, 0xa0dd0980, 0xa0dd0a00, 0xa0e40000)
 compacting perm gen  total 4096K, used 2125K [0xafe20000, 0xb0220000, 0xb3e20000)
   the space 4096K,  51% used [0xafe20000, 0xb0033678, 0xb0033800, 0xb0220000)
No shared spaces configured.
Event: 40.112 GC heap after
Heap after GC invocations=32 (full 5):
 def new generation   total 84480K, used 5042K [0x8fe20000, 0x959c0000, 0x9a8c0000)
  eden space 75136K,   6% used [0x8fe20000, 0x9030cbc0, 0x94780000)
  from space 9344K,   0% used [0x94780000, 0x94780000, 0x950a0000)
  to   space 9344K,   0% used [0x950a0000, 0x950a0000, 0x959c0000)
 tenured generation   total 187520K, used 112511K [0x9a8c0000, 0xa5fe0000, 0xafe20000)
   the space 187520K,  59% used [0x9a8c0000, 0xa169fff0, 0xa16a0000, 0xa5fe0000)
 compacting perm gen  total 4096K, used 2125K [0xafe20000, 0xb0220000, 0xb3e20000)
   the space 4096K,  51% used [0xafe20000, 0xb0033678, 0xb0033800, 0xb0220000)
No shared spaces configured.
}
Event: 45.433 GC heap before
{Heap before GC invocations=32 (full 5):
 def new generation   total 84480K, used 75133K [0x8fe20000, 0x959c0000, 0x9a8c0000)
  eden space 75136K,  99% used [0x8fe20000, 0x9477f7b0, 0x94780000)
  from space 9344K,   0% used [0x94780000, 0x94780000, 0x950a0000)
  to   space 9344K,   0% used [0x950a0000, 0x950a0000, 0x959c0000)
 tenured generation   total 187520K, used 112511K [0x9a8c0000, 0xa5fe0000, 0xafe20000)
   the space 187520K,  59% used [0x9a8c0000, 0xa169fff0, 0xa16a0000, 0xa5fe0000)
 compacting perm gen  total 4096K, used 2125K [0xafe20000, 0xb0220000, 0xb3e20000)
   the space 4096K,  51% used [0xafe20000, 0xb0033678, 0xb0033800, 0xb0220000)
No shared spaces configured.
Event: 45.951 GC heap after
Heap after GC invocations=33 (full 5):
 def new generation   total 84480K, used 9344K [0x8fe20000, 0x959c0000, 0x9a8c0000)
  eden space 75136K,   0% used [0x8fe20000, 0x8fe20000, 0x94780000)
  from space 9344K, 100% used [0x950a0000, 0x959c0000, 0x959c0000)
  to   space 9344K,   0% used [0x94780000, 0x94780000, 0x950a0000)
 tenured generation   total 187520K, used 123362K [0x9a8c0000, 0xa5fe0000, 0xafe20000)
   the space 187520K,  65% used [0x9a8c0000, 0xa2138910, 0xa2138a00, 0xa5fe0000)
 compacting perm gen  total 4096K, used 2125K [0xafe20000, 0xb0220000, 0xb3e20000)
   the space 4096K,  51% used [0xafe20000, 0xb0033678, 0xb0033800, 0xb0220000)
No shared spaces configured.
}
Event: 51.786 GC heap before
{Heap before GC invocations=33 (full 5):
 def new generation   total 84480K, used 84479K [0x8fe20000, 0x959c0000, 0x9a8c0000)
  eden space 75136K,  99% used [0x8fe20000, 0x9477fff0, 0x94780000)
  from space 9344K, 100% used [0x950a0000, 0x959c0000, 0x959c0000)
  to   space 9344K,   0% used [0x94780000, 0x94780000, 0x950a0000)
 tenured generation   total 187520K, used 123362K [0x9a8c0000, 0xa5fe0000, 0xafe20000)
   the space 187520K,  65% used [0x9a8c0000, 0xa2138910, 0xa2138a00, 0xa5fe0000)
 compacting perm gen  total 4096K, used 2125K [0xafe20000, 0xb0220000, 0xb3e20000)
   the space 4096K,  51% used [0xafe20000, 0xb0033678, 0xb0033800, 0xb0220000)
No shared spaces configured.
Event: 52.034 GC heap after
Heap after GC invocations=34 (full 5):
 def new generation   total 84480K, used 9344K [0x8fe20000, 0x959c0000, 0x9a8c0000)
  eden space 75136K,   0% used [0x8fe20000, 0x8fe20000, 0x94780000)
  from space 9344K, 100% used [0x94780000, 0x950a0000, 0x950a0000)
  to   space 9344K,   0% used [0x950a0000, 0x950a0000, 0x959c0000)
 tenured generation   total 187520K, used 139212K [0x9a8c0000, 0xa5fe0000, 0xafe20000)
   the space 187520K,  74% used [0x9a8c0000, 0xa30b32e8, 0xa30b3400, 0xa5fe0000)
 compacting perm gen  total 4096K, used 2125K [0xafe20000, 0xb0220000, 0xb3e20000)
   the space 4096K,  51% used [0xafe20000, 0xb0033678, 0xb0033800, 0xb0220000)
No shared spaces configured.
}
Event: 57.760 GC heap before
{Heap before GC invocations=34 (full 5):
 def new generation   total 84480K, used 84479K [0x8fe20000, 0x959c0000, 0x9a8c0000)
  eden space 75136K,  99% used [0x8fe20000, 0x9477ffe0, 0x94780000)
  from space 9344K, 100% used [0x94780000, 0x950a0000, 0x950a0000)
  to   space 9344K,   0% used [0x950a0000, 0x950a0000, 0x959c0000)
 tenured generation   total 187520K, used 139212K [0x9a8c0000, 0xa5fe0000, 0xafe20000)
   the space 187520K,  74% used [0x9a8c0000, 0xa30b32e8, 0xa30b3400, 0xa5fe0000)
 compacting perm gen  total 4096K, used 2125K [0xafe20000, 0xb0220000, 0xb3e20000)
   the space 4096K,  51% used [0xafe20000, 0xb0033678, 0xb0033800, 0xb0220000)
No shared spaces configured.
Event: 57.977 GC heap after
Heap after GC invocations=35 (full 5):
 def new generation   total 84480K, used 9344K [0x8fe20000, 0x959c0000, 0x9a8c0000)
  eden space 75136K,   0% used [0x8fe20000, 0x8fe20000, 0x94780000)
  from space 9344K, 100% used [0x950a0000, 0x959c0000, 0x959c0000)
  to   space 9344K,   0% used [0x94780000, 0x94780000, 0x950a0000)
 tenured generation   total 187520K, used 155119K [0x9a8c0000, 0xa5fe0000, 0xafe20000)
   the space 187520K,  82% used [0x9a8c0000, 0xa403bed0, 0xa403c000, 0xa5fe0000)
 compacting perm gen  total 4096K, used 2125K [0xafe20000, 0xb0220000, 0xb3e20000)
   the space 4096K,  51% used [0xafe20000, 0xb0033678, 0xb0033800, 0xb0220000)
No shared spaces configured.
}

