# JRE version: 6.0_36-b36
# Java VM: OpenJDK Zero VM (23.25-b01 mixed mode linux-arm )
Heap
 def new generation   total 7424K, used 6827K [0x8fe00000, 0x90600000, 0x9a8a0000)
  eden space 6656K,  97% used [0x8fe00000, 0x904594b0, 0x90480000)
  from space 768K,  42% used [0x90540000, 0x905918e8, 0x90600000)
  to   space 768K,   0% used [0x90480000, 0x90480000, 0x90540000)
 tenured generation   total 16276K, used 11494K [0x9a8a0000, 0x9b885000, 0xafe00000)
   the space 16276K,  70% used [0x9a8a0000, 0x9b3d9be0, 0x9b3d9c00, 0x9b885000)
 compacting perm gen  total 12544K, used 12369K [0xafe00000, 0xb0a40000, 0xb3e00000)
   the space 12544K,  98% used [0xafe00000, 0xb0a14600, 0xb0a14600, 0xb0a40000)
GC Heap History (10 events):
Event: 43.495 GC heap before
{Heap before GC invocations=57 (full 2):
 def new generation   total 7424K, used 7119K [0x8fe00000, 0x90600000, 0x9a8a0000)
  eden space 6656K,  99% used [0x8fe00000, 0x9047fff8, 0x90480000)
  from space 768K,  60% used [0x90480000, 0x904f3c68, 0x90540000)
  to   space 768K,   0% used [0x90540000, 0x90540000, 0x90600000)
 tenured generation   total 16276K, used 9921K [0x9a8a0000, 0x9b885000, 0xafe00000)
   the space 16276K,  60% used [0x9a8a0000, 0x9b2505f8, 0x9b250600, 0x9b885000)
 compacting perm gen  total 11264K, used 11062K [0xafe00000, 0xb0900000, 0xb3e00000)
   the space 11264K,  98% used [0xafe00000, 0xb08cd8f8, 0xb08cda00, 0xb0900000)
No shared spaces configured.
Event: 43.499 GC heap after
Heap after GC invocations=58 (full 2):
 def new generation   total 7424K, used 375K [0x8fe00000, 0x90600000, 0x9a8a0000)
  eden space 6656K,   0% used [0x8fe00000, 0x8fe00000, 0x90480000)
  from space 768K,  48% used [0x90540000, 0x9059de90, 0x90600000)
  to   space 768K,   0% used [0x90480000, 0x90480000, 0x90540000)
 tenured generation   total 16276K, used 10021K [0x9a8a0000, 0x9b885000, 0xafe00000)
   the space 16276K,  61% used [0x9a8a0000, 0x9b269678, 0x9b269800, 0x9b885000)
 compacting perm gen  total 11264K, used 11062K [0xafe00000, 0xb0900000, 0xb3e00000)
   the space 11264K,  98% used [0xafe00000, 0xb08cd8f8, 0xb08cda00, 0xb0900000)
No shared spaces configured.
}
Event: 44.781 GC heap before
{Heap before GC invocations=58 (full 2):
 def new generation   total 7424K, used 7023K [0x8fe00000, 0x90600000, 0x9a8a0000)
  eden space 6656K,  99% used [0x8fe00000, 0x9047e130, 0x90480000)
  from space 768K,  48% used [0x90540000, 0x9059de90, 0x90600000)
  to   space 768K,   0% used [0x90480000, 0x90480000, 0x90540000)
 tenured generation   total 16276K, used 10021K [0x9a8a0000, 0x9b885000, 0xafe00000)
   the space 16276K,  61% used [0x9a8a0000, 0x9b269678, 0x9b269800, 0x9b885000)
 compacting perm gen  total 11264K, used 11062K [0xafe00000, 0xb0900000, 0xb3e00000)
   the space 11264K,  98% used [0xafe00000, 0xb08cd8f8, 0xb08cda00, 0xb0900000)
No shared spaces configured.
Event: 44.785 GC heap after
Heap after GC invocations=59 (full 2):
 def new generation   total 7424K, used 312K [0x8fe00000, 0x90600000, 0x9a8a0000)
  eden space 6656K,   0% used [0x8fe00000, 0x8fe00000, 0x90480000)
  from space 768K,  40% used [0x90480000, 0x904ce0f0, 0x90540000)
  to   space 768K,   0% used [0x90540000, 0x90540000, 0x90600000)
 tenured generation   total 16276K, used 10021K [0x9a8a0000, 0x9b885000, 0xafe00000)
   the space 16276K,  61% used [0x9a8a0000, 0x9b269678, 0x9b269800, 0x9b885000)
 compacting perm gen  total 11264K, used 11062K [0xafe00000, 0xb0900000, 0xb3e00000)
   the space 11264K,  98% used [0xafe00000, 0xb08cd8f8, 0xb08cda00, 0xb0900000)
No shared spaces configured.
}
Event: 45.225 GC heap before
{Heap before GC invocations=59 (full 2):
 def new generation   total 7424K, used 6962K [0x8fe00000, 0x90600000, 0x9a8a0000)
  eden space 6656K,  99% used [0x8fe00000, 0x9047eaf0, 0x90480000)
  from space 768K,  40% used [0x90480000, 0x904ce0f0, 0x90540000)
  to   space 768K,   0% used [0x90540000, 0x90540000, 0x90600000)
 tenured generation   total 16276K, used 10021K [0x9a8a0000, 0x9b885000, 0xafe00000)
   the space 16276K,  61% used [0x9a8a0000, 0x9b269678, 0x9b269800, 0x9b885000)
 compacting perm gen  total 11776K, used 11662K [0xafe00000, 0xb0980000, 0xb3e00000)
   the space 11776K,  99% used [0xafe00000, 0xb0963be8, 0xb0963c00, 0xb0980000)
No shared spaces configured.
Event: 45.235 GC heap after
Heap after GC invocations=60 (full 2):
 def new generation   total 7424K, used 768K [0x8fe00000, 0x90600000, 0x9a8a0000)
  eden space 6656K,   0% used [0x8fe00000, 0x8fe00000, 0x90480000)
  from space 768K, 100% used [0x90540000, 0x90600000, 0x90600000)
  to   space 768K,   0% used [0x90480000, 0x90480000, 0x90540000)
 tenured generation   total 16276K, used 10393K [0x9a8a0000, 0x9b885000, 0xafe00000)
   the space 16276K,  63% used [0x9a8a0000, 0x9b2c6530, 0x9b2c6600, 0x9b885000)
 compacting perm gen  total 11776K, used 11662K [0xafe00000, 0xb0980000, 0xb3e00000)
   the space 11776K,  99% used [0xafe00000, 0xb0963be8, 0xb0963c00, 0xb0980000)
No shared spaces configured.
}
Event: 45.617 GC heap before
{Heap before GC invocations=60 (full 2):
 def new generation   total 7424K, used 7423K [0x8fe00000, 0x90600000, 0x9a8a0000)
  eden space 6656K,  99% used [0x8fe00000, 0x9047ff18, 0x90480000)
  from space 768K, 100% used [0x90540000, 0x90600000, 0x90600000)
  to   space 768K,   0% used [0x90480000, 0x90480000, 0x90540000)
 tenured generation   total 16276K, used 10393K [0x9a8a0000, 0x9b885000, 0xafe00000)
   the space 16276K,  63% used [0x9a8a0000, 0x9b2c6530, 0x9b2c6600, 0x9b885000)
 compacting perm gen  total 12032K, used 11834K [0xafe00000, 0xb09c0000, 0xb3e00000)
   the space 12032K,  98% used [0xafe00000, 0xb098e988, 0xb098ea00, 0xb09c0000)
No shared spaces configured.
Event: 45.628 GC heap after
Heap after GC invocations=61 (full 2):
 def new generation   total 7424K, used 455K [0x8fe00000, 0x90600000, 0x9a8a0000)
  eden space 6656K,   0% used [0x8fe00000, 0x8fe00000, 0x90480000)
  from space 768K,  59% used [0x90480000, 0x904f1f50, 0x90540000)
  to   space 768K,   0% used [0x90540000, 0x90540000, 0x90600000)
 tenured generation   total 16276K, used 11049K [0x9a8a0000, 0x9b885000, 0xafe00000)
   the space 16276K,  67% used [0x9a8a0000, 0x9b36a538, 0x9b36a600, 0x9b885000)
 compacting perm gen  total 12032K, used 11834K [0xafe00000, 0xb09c0000, 0xb3e00000)
   the space 12032K,  98% used [0xafe00000, 0xb098e988, 0xb098ea00, 0xb09c0000)
No shared spaces configured.
}
Event: 46.071 GC heap before
{Heap before GC invocations=61 (full 2):
 def new generation   total 7424K, used 7111K [0x8fe00000, 0x90600000, 0x9a8a0000)
  eden space 6656K, 100% used [0x8fe00000, 0x90480000, 0x90480000)
  from space 768K,  59% used [0x90480000, 0x904f1f50, 0x90540000)
  to   space 768K,   0% used [0x90540000, 0x90540000, 0x90600000)
 tenured generation   total 16276K, used 11049K [0x9a8a0000, 0x9b885000, 0xafe00000)
   the space 16276K,  67% used [0x9a8a0000, 0x9b36a538, 0x9b36a600, 0x9b885000)
 compacting perm gen  total 12288K, used 12065K [0xafe00000, 0xb0a00000, 0xb3e00000)
   the space 12288K,  98% used [0xafe00000, 0xb09c86b0, 0xb09c8800, 0xb0a00000)
No shared spaces configured.
Event: 46.079 GC heap after
Heap after GC invocations=62 (full 2):
 def new generation   total 7424K, used 326K [0x8fe00000, 0x90600000, 0x9a8a0000)
  eden space 6656K,   0% used [0x8fe00000, 0x8fe00000, 0x90480000)
  from space 768K,  42% used [0x90540000, 0x905918e8, 0x90600000)
  to   space 768K,   0% used [0x90480000, 0x90480000, 0x90540000)
 tenured generation   total 16276K, used 11494K [0x9a8a0000, 0x9b885000, 0xafe00000)
   the space 16276K,  70% used [0x9a8a0000, 0x9b3d9be0, 0x9b3d9c00, 0x9b885000)
 compacting perm gen  total 12288K, used 12065K [0xafe00000, 0xb0a00000, 0xb3e00000)
   the space 12288K,  98% used [0xafe00000, 0xb09c86b0, 0xb09c8800, 0xb0a00000)
No shared spaces configured.
}

