# JRE version: 6.0_36-b36
# Java VM: OpenJDK Zero VM (23.25-b01 mixed mode linux-arm )
Heap
 def new generation   total 7552K, used 5401K [0x8fe00000, 0x90620000, 0x9a8a0000)
  eden space 6784K,  76% used [0x8fe00000, 0x903150e8, 0x904a0000)
  from space 768K,  25% used [0x90560000, 0x905914a8, 0x90620000)
  to   space 768K,   0% used [0x904a0000, 0x904a0000, 0x90560000)
 tenured generation   total 16588K, used 10832K [0x9a8a0000, 0x9b8d3000, 0xafe00000)
   the space 16588K,  65% used [0x9a8a0000, 0x9b334358, 0x9b334400, 0x9b8d3000)
 compacting perm gen  total 11520K, used 11351K [0xafe00000, 0xb0940000, 0xb3e00000)
   the space 11520K,  98% used [0xafe00000, 0xb0915cf8, 0xb0915e00, 0xb0940000)
GC Heap History (10 events):
Event: 18.069 GC heap before
{Heap before GC invocations=42 (full 1):
 def new generation   total 5120K, used 4837K [0x8fe00000, 0x90380000, 0x9a8a0000)
  eden space 4608K,  99% used [0x8fe00000, 0x9027ffd0, 0x90280000)
  from space 512K,  44% used [0x90280000, 0x902b9598, 0x90300000)
  to   space 512K,   0% used [0x90300000, 0x90300000, 0x90380000)
 tenured generation   total 11008K, used 10888K [0x9a8a0000, 0x9b360000, 0xafe00000)
   the space 11008K,  98% used [0x9a8a0000, 0x9b3422b8, 0x9b342400, 0x9b360000)
 compacting perm gen  total 10240K, used 9998K [0xafe00000, 0xb0800000, 0xb3e00000)
   the space 10240K,  97% used [0xafe00000, 0xb07c38f0, 0xb07c3a00, 0xb0800000)
No shared spaces configured.
Event: 18.074 GC heap after
Heap after GC invocations=43 (full 1):
 def new generation   total 5120K, used 451K [0x8fe00000, 0x90380000, 0x9a8a0000)
  eden space 4608K,   0% used [0x8fe00000, 0x8fe00000, 0x90280000)
  from space 512K,  88% used [0x90300000, 0x90370dc8, 0x90380000)
  to   space 512K,   0% used [0x90280000, 0x90280000, 0x90300000)
 tenured generation   total 11008K, used 10888K [0x9a8a0000, 0x9b360000, 0xafe00000)
   the space 11008K,  98% used [0x9a8a0000, 0x9b3422b8, 0x9b342400, 0x9b360000)
 compacting perm gen  total 10240K, used 9998K [0xafe00000, 0xb0800000, 0xb3e00000)
   the space 10240K,  97% used [0xafe00000, 0xb07c38f0, 0xb07c3a00, 0xb0800000)
No shared spaces configured.
}
Event: 18.596 GC heap before
{Heap before GC invocations=43 (full 1):
 def new generation   total 5120K, used 5059K [0x8fe00000, 0x90380000, 0x9a8a0000)
  eden space 4608K,  99% used [0x8fe00000, 0x9027fff8, 0x90280000)
  from space 512K,  88% used [0x90300000, 0x90370dc8, 0x90380000)
  to   space 512K,   0% used [0x90280000, 0x90280000, 0x90300000)
 tenured generation   total 11008K, used 10888K [0x9a8a0000, 0x9b360000, 0xafe00000)
   the space 11008K,  98% used [0x9a8a0000, 0x9b3422b8, 0x9b342400, 0x9b360000)
 compacting perm gen  total 10240K, used 9998K [0xafe00000, 0xb0800000, 0xb3e00000)
   the space 10240K,  97% used [0xafe00000, 0xb07c38f0, 0xb07c3a00, 0xb0800000)
No shared spaces configured.
Event: 18.793 GC heap after
Heap after GC invocations=44 (full 2):
 def new generation   total 7552K, used 0K [0x8fe00000, 0x90620000, 0x9a8a0000)
  eden space 6784K,   0% used [0x8fe00000, 0x8fe00000, 0x904a0000)
  from space 768K,   0% used [0x904a0000, 0x904a0000, 0x90560000)
  to   space 768K,   0% used [0x90560000, 0x90560000, 0x90620000)
 tenured generation   total 16588K, used 9952K [0x9a8a0000, 0x9b8d3000, 0xafe00000)
   the space 16588K,  59% used [0x9a8a0000, 0x9b2581d0, 0x9b258200, 0x9b8d3000)
 compacting perm gen  total 10240K, used 9998K [0xafe00000, 0xb0800000, 0xb3e00000)
   the space 10240K,  97% used [0xafe00000, 0xb07c38f0, 0xb07c3a00, 0xb0800000)
No shared spaces configured.
}
Event: 19.440 GC heap before
{Heap before GC invocations=44 (full 2):
 def new generation   total 7552K, used 6783K [0x8fe00000, 0x90620000, 0x9a8a0000)
  eden space 6784K,  99% used [0x8fe00000, 0x9049ffb8, 0x904a0000)
  from space 768K,   0% used [0x904a0000, 0x904a0000, 0x90560000)
  to   space 768K,   0% used [0x90560000, 0x90560000, 0x90620000)
 tenured generation   total 16588K, used 9952K [0x9a8a0000, 0x9b8d3000, 0xafe00000)
   the space 16588K,  59% used [0x9a8a0000, 0x9b2581d0, 0x9b258200, 0x9b8d3000)
 compacting perm gen  total 10752K, used 10609K [0xafe00000, 0xb0880000, 0xb3e00000)
   the space 10752K,  98% used [0xafe00000, 0xb085c4c0, 0xb085c600, 0xb0880000)
No shared spaces configured.
Event: 19.452 GC heap after
Heap after GC invocations=45 (full 2):
 def new generation   total 7552K, used 768K [0x8fe00000, 0x90620000, 0x9a8a0000)
  eden space 6784K,   0% used [0x8fe00000, 0x8fe00000, 0x904a0000)
  from space 768K, 100% used [0x90560000, 0x90620000, 0x90620000)
  to   space 768K,   0% used [0x904a0000, 0x904a0000, 0x90560000)
 tenured generation   total 16588K, used 10027K [0x9a8a0000, 0x9b8d3000, 0xafe00000)
   the space 16588K,  60% used [0x9a8a0000, 0x9b26ae50, 0x9b26b000, 0x9b8d3000)
 compacting perm gen  total 10752K, used 10609K [0xafe00000, 0xb0880000, 0xb3e00000)
   the space 10752K,  98% used [0xafe00000, 0xb085c4c0, 0xb085c600, 0xb0880000)
No shared spaces configured.
}
Event: 19.950 GC heap before
{Heap before GC invocations=45 (full 2):
 def new generation   total 7552K, used 7551K [0x8fe00000, 0x90620000, 0x9a8a0000)
  eden space 6784K,  99% used [0x8fe00000, 0x9049ffe0, 0x904a0000)
  from space 768K, 100% used [0x90560000, 0x90620000, 0x90620000)
  to   space 768K,   0% used [0x904a0000, 0x904a0000, 0x90560000)
 tenured generation   total 16588K, used 10027K [0x9a8a0000, 0x9b8d3000, 0xafe00000)
   the space 16588K,  60% used [0x9a8a0000, 0x9b26ae50, 0x9b26b000, 0x9b8d3000)
 compacting perm gen  total 11008K, used 10866K [0xafe00000, 0xb08c0000, 0xb3e00000)
   the space 11008K,  98% used [0xafe00000, 0xb089c898, 0xb089ca00, 0xb08c0000)
No shared spaces configured.
Event: 19.961 GC heap after
Heap after GC invocations=46 (full 2):
 def new generation   total 7552K, used 486K [0x8fe00000, 0x90620000, 0x9a8a0000)
  eden space 6784K,   0% used [0x8fe00000, 0x8fe00000, 0x904a0000)
  from space 768K,  63% used [0x904a0000, 0x90519a68, 0x90560000)
  to   space 768K,   0% used [0x90560000, 0x90560000, 0x90620000)
 tenured generation   total 16588K, used 10385K [0x9a8a0000, 0x9b8d3000, 0xafe00000)
   the space 16588K,  62% used [0x9a8a0000, 0x9b2c4668, 0x9b2c4800, 0x9b8d3000)
 compacting perm gen  total 11008K, used 10866K [0xafe00000, 0xb08c0000, 0xb3e00000)
   the space 11008K,  98% used [0xafe00000, 0xb089c898, 0xb089ca00, 0xb08c0000)
No shared spaces configured.
}
Event: 20.514 GC heap before
{Heap before GC invocations=46 (full 2):
 def new generation   total 7552K, used 7270K [0x8fe00000, 0x90620000, 0x9a8a0000)
  eden space 6784K,  99% used [0x8fe00000, 0x9049fff0, 0x904a0000)
  from space 768K,  63% used [0x904a0000, 0x90519a68, 0x90560000)
  to   space 768K,   0% used [0x90560000, 0x90560000, 0x90620000)
 tenured generation   total 16588K, used 10385K [0x9a8a0000, 0x9b8d3000, 0xafe00000)
   the space 16588K,  62% used [0x9a8a0000, 0x9b2c4668, 0x9b2c4800, 0x9b8d3000)
 compacting perm gen  total 11264K, used 11065K [0xafe00000, 0xb0900000, 0xb3e00000)
   the space 11264K,  98% used [0xafe00000, 0xb08ce780, 0xb08ce800, 0xb0900000)
No shared spaces configured.
Event: 20.524 GC heap after
Heap after GC invocations=47 (full 2):
 def new generation   total 7552K, used 197K [0x8fe00000, 0x90620000, 0x9a8a0000)
  eden space 6784K,   0% used [0x8fe00000, 0x8fe00000, 0x904a0000)
  from space 768K,  25% used [0x90560000, 0x905914a8, 0x90620000)
  to   space 768K,   0% used [0x904a0000, 0x904a0000, 0x90560000)
 tenured generation   total 16588K, used 10832K [0x9a8a0000, 0x9b8d3000, 0xafe00000)
   the space 16588K,  65% used [0x9a8a0000, 0x9b334358, 0x9b334400, 0x9b8d3000)
 compacting perm gen  total 11264K, used 11065K [0xafe00000, 0xb0900000, 0xb3e00000)
   the space 11264K,  98% used [0xafe00000, 0xb08ce780, 0xb08ce800, 0xb0900000)
No shared spaces configured.
}

