# JRE version: 6.0_36-b36
# Java VM: OpenJDK Zero VM (23.25-b01 mixed mode linux-arm )
Heap
 def new generation   total 41728K, used 19620K [0x8fe20000, 0x92b60000, 0x9a8c0000)
  eden space 37120K,  45% used [0x8fe20000, 0x90e873e8, 0x92260000)
  from space 4608K,  61% used [0x926e0000, 0x929a1f40, 0x92b60000)
  to   space 4608K,   0% used [0x92260000, 0x92260000, 0x926e0000)
 tenured generation   total 92552K, used 74670K [0x9a8c0000, 0xa0322000, 0xafe20000)
   the space 92552K,  80% used [0x9a8c0000, 0x9f1abac0, 0x9f1abc00, 0xa0322000)
 compacting perm gen  total 4096K, used 2217K [0xafe20000, 0xb0220000, 0xb3e20000)
   the space 4096K,  54% used [0xafe20000, 0xb004a7d8, 0xb004a800, 0xb0220000)
GC Heap History (10 events):
Event: 29.439 GC heap before
{Heap before GC invocations=43 (full 4):
 def new generation   total 41728K, used 39554K [0x8fe20000, 0x92b60000, 0x9a8c0000)
  eden space 37120K, 100% used [0x8fe20000, 0x92260000, 0x92260000)
  from space 4608K,  52% used [0x92260000, 0x924c0a58, 0x926e0000)
  to   space 4608K,   0% used [0x926e0000, 0x926e0000, 0x92b60000)
 tenured generation   total 92552K, used 63202K [0x9a8c0000, 0xa0322000, 0xafe20000)
   the space 92552K,  68% used [0x9a8c0000, 0x9e678a38, 0x9e678c00, 0xa0322000)
 compacting perm gen  total 4096K, used 2217K [0xafe20000, 0xb0220000, 0xb3e20000)
   the space 4096K,  54% used [0xafe20000, 0xb004a7d8, 0xb004a800, 0xb0220000)
No shared spaces configured.
Event: 29.471 GC heap after
Heap after GC invocations=44 (full 4):
 def new generation   total 41728K, used 2957K [0x8fe20000, 0x92b60000, 0x9a8c0000)
  eden space 37120K,   0% used [0x8fe20000, 0x8fe20000, 0x92260000)
  from space 4608K,  64% used [0x926e0000, 0x929c34a0, 0x92b60000)
  to   space 4608K,   0% used [0x92260000, 0x92260000, 0x926e0000)
 tenured generation   total 92552K, used 65239K [0x9a8c0000, 0xa0322000, 0xafe20000)
   the space 92552K,  70% used [0x9a8c0000, 0x9e875ef0, 0x9e876000, 0xa0322000)
 compacting perm gen  total 4096K, used 2217K [0xafe20000, 0xb0220000, 0xb3e20000)
   the space 4096K,  54% used [0xafe20000, 0xb004a7d8, 0xb004a800, 0xb0220000)
No shared spaces configured.
}
Event: 31.071 GC heap before
{Heap before GC invocations=44 (full 4):
 def new generation   total 41728K, used 40077K [0x8fe20000, 0x92b60000, 0x9a8c0000)
  eden space 37120K,  99% used [0x8fe20000, 0x9225ffd0, 0x92260000)
  from space 4608K,  64% used [0x926e0000, 0x929c34a0, 0x92b60000)
  to   space 4608K,   0% used [0x92260000, 0x92260000, 0x926e0000)
 tenured generation   total 92552K, used 65239K [0x9a8c0000, 0xa0322000, 0xafe20000)
   the space 92552K,  70% used [0x9a8c0000, 0x9e875ef0, 0x9e876000, 0xa0322000)
 compacting perm gen  total 4096K, used 2217K [0xafe20000, 0xb0220000, 0xb3e20000)
   the space 4096K,  54% used [0xafe20000, 0xb004a7d8, 0xb004a800, 0xb0220000)
No shared spaces configured.
Event: 31.106 GC heap after
Heap after GC invocations=45 (full 4):
 def new generation   total 41728K, used 2574K [0x8fe20000, 0x92b60000, 0x9a8c0000)
  eden space 37120K,   0% used [0x8fe20000, 0x8fe20000, 0x92260000)
  from space 4608K,  55% used [0x92260000, 0x924e3810, 0x926e0000)
  to   space 4608K,   0% used [0x926e0000, 0x926e0000, 0x92b60000)
 tenured generation   total 92552K, used 67817K [0x9a8c0000, 0xa0322000, 0xafe20000)
   the space 92552K,  73% used [0x9a8c0000, 0x9eafa510, 0x9eafa600, 0xa0322000)
 compacting perm gen  total 4096K, used 2217K [0xafe20000, 0xb0220000, 0xb3e20000)
   the space 4096K,  54% used [0xafe20000, 0xb004a7d8, 0xb004a800, 0xb0220000)
No shared spaces configured.
}
Event: 32.734 GC heap before
{Heap before GC invocations=45 (full 4):
 def new generation   total 41728K, used 39694K [0x8fe20000, 0x92b60000, 0x9a8c0000)
  eden space 37120K, 100% used [0x8fe20000, 0x92260000, 0x92260000)
  from space 4608K,  55% used [0x92260000, 0x924e3810, 0x926e0000)
  to   space 4608K,   0% used [0x926e0000, 0x926e0000, 0x92b60000)
 tenured generation   total 92552K, used 67817K [0x9a8c0000, 0xa0322000, 0xafe20000)
   the space 92552K,  73% used [0x9a8c0000, 0x9eafa510, 0x9eafa600, 0xa0322000)
 compacting perm gen  total 4096K, used 2217K [0xafe20000, 0xb0220000, 0xb3e20000)
   the space 4096K,  54% used [0xafe20000, 0xb004a7d8, 0xb004a800, 0xb0220000)
No shared spaces configured.
Event: 32.768 GC heap after
Heap after GC invocations=46 (full 4):
 def new generation   total 41728K, used 2500K [0x8fe20000, 0x92b60000, 0x9a8c0000)
  eden space 37120K,   0% used [0x8fe20000, 0x8fe20000, 0x92260000)
  from space 4608K,  54% used [0x926e0000, 0x92951098, 0x92b60000)
  to   space 4608K,   0% used [0x92260000, 0x92260000, 0x926e0000)
 tenured generation   total 92552K, used 70005K [0x9a8c0000, 0xa0322000, 0xafe20000)
   the space 92552K,  75% used [0x9a8c0000, 0x9ed1d748, 0x9ed1d800, 0xa0322000)
 compacting perm gen  total 4096K, used 2217K [0xafe20000, 0xb0220000, 0xb3e20000)
   the space 4096K,  54% used [0xafe20000, 0xb004a7d8, 0xb004a800, 0xb0220000)
No shared spaces configured.
}
Event: 34.400 GC heap before
{Heap before GC invocations=46 (full 4):
 def new generation   total 41728K, used 39603K [0x8fe20000, 0x92b60000, 0x9a8c0000)
  eden space 37120K,  99% used [0x8fe20000, 0x9225be38, 0x92260000)
  from space 4608K,  54% used [0x926e0000, 0x92951098, 0x92b60000)
  to   space 4608K,   0% used [0x92260000, 0x92260000, 0x926e0000)
 tenured generation   total 92552K, used 70005K [0x9a8c0000, 0xa0322000, 0xafe20000)
   the space 92552K,  75% used [0x9a8c0000, 0x9ed1d748, 0x9ed1d800, 0xa0322000)
 compacting perm gen  total 4096K, used 2217K [0xafe20000, 0xb0220000, 0xb3e20000)
   the space 4096K,  54% used [0xafe20000, 0xb004a7d8, 0xb004a800, 0xb0220000)
No shared spaces configured.
Event: 34.438 GC heap after
Heap after GC invocations=47 (full 4):
 def new generation   total 41728K, used 2955K [0x8fe20000, 0x92b60000, 0x9a8c0000)
  eden space 37120K,   0% used [0x8fe20000, 0x8fe20000, 0x92260000)
  from space 4608K,  64% used [0x92260000, 0x92542ed8, 0x926e0000)
  to   space 4608K,   0% used [0x926e0000, 0x926e0000, 0x92b60000)
 tenured generation   total 92552K, used 72103K [0x9a8c0000, 0xa0322000, 0xafe20000)
   the space 92552K,  77% used [0x9a8c0000, 0x9ef29ce0, 0x9ef29e00, 0xa0322000)
 compacting perm gen  total 4096K, used 2217K [0xafe20000, 0xb0220000, 0xb3e20000)
   the space 4096K,  54% used [0xafe20000, 0xb004a7d8, 0xb004a800, 0xb0220000)
No shared spaces configured.
}
Event: 36.019 GC heap before
{Heap before GC invocations=47 (full 4):
 def new generation   total 41728K, used 40075K [0x8fe20000, 0x92b60000, 0x9a8c0000)
  eden space 37120K,  99% used [0x8fe20000, 0x9225ffe0, 0x92260000)
  from space 4608K,  64% used [0x92260000, 0x92542ed8, 0x926e0000)
  to   space 4608K,   0% used [0x926e0000, 0x926e0000, 0x92b60000)
 tenured generation   total 92552K, used 72103K [0x9a8c0000, 0xa0322000, 0xafe20000)
   the space 92552K,  77% used [0x9a8c0000, 0x9ef29ce0, 0x9ef29e00, 0xa0322000)
 compacting perm gen  total 4096K, used 2217K [0xafe20000, 0xb0220000, 0xb3e20000)
   the space 4096K,  54% used [0xafe20000, 0xb004a7d8, 0xb004a800, 0xb0220000)
No shared spaces configured.
Event: 36.058 GC heap after
Heap after GC invocations=48 (full 4):
 def new generation   total 41728K, used 2823K [0x8fe20000, 0x92b60000, 0x9a8c0000)
  eden space 37120K,   0% used [0x8fe20000, 0x8fe20000, 0x92260000)
  from space 4608K,  61% used [0x926e0000, 0x929a1f40, 0x92b60000)
  to   space 4608K,   0% used [0x92260000, 0x92260000, 0x926e0000)
 tenured generation   total 92552K, used 74670K [0x9a8c0000, 0xa0322000, 0xafe20000)
   the space 92552K,  80% used [0x9a8c0000, 0x9f1abac0, 0x9f1abc00, 0xa0322000)
 compacting perm gen  total 4096K, used 2217K [0xafe20000, 0xb0220000, 0xb3e20000)
   the space 4096K,  54% used [0xafe20000, 0xb004a7d8, 0xb004a800, 0xb0220000)
No shared spaces configured.
}

